2025-01-14 22:13:24,937 - INFO - ページ 1 スクレイピング完了
2025-01-14 22:13:57,093 - INFO - ページ 1 スクレイピング完了
2025-01-14 22:13:58,802 - INFO - ページ 2 スクレイピング完了
2025-01-14 22:14:00,966 - INFO - ページ 3 スクレイピング完了
2025-01-14 22:14:02,621 - INFO - ページ 4 スクレイピング完了
2025-01-14 22:14:04,404 - INFO - ページ 5 スクレイピング完了
2025-01-14 22:14:06,115 - INFO - ページ 6 スクレイピング完了
2025-01-14 22:14:08,750 - INFO - ページ 7 スクレイピング完了
2025-01-14 22:14:10,415 - INFO - ページ 8 スクレイピング完了
2025-01-14 22:15:29,326 - INFO - ページ 1 スクレイピング完了
2025-01-14 22:15:31,114 - INFO - ページ 2 スクレイピング完了
2025-01-14 22:15:33,152 - INFO - ページ 3 スクレイピング完了
2025-01-14 22:15:34,770 - INFO - ページ 4 スクレイピング完了
2025-01-14 22:15:37,751 - INFO - ページ 5 スクレイピング完了
2025-01-14 22:15:39,497 - INFO - ページ 6 スクレイピング完了
2025-01-14 22:15:41,052 - INFO - ページ 7 スクレイピング完了
2025-01-14 22:15:43,038 - INFO - ページ 8 スクレイピング完了
2025-01-14 22:15:45,766 - INFO - ページ 9 スクレイピング完了
2025-01-14 22:15:47,342 - INFO - ページ 10 スクレイピング完了
2025-01-14 22:15:49,055 - INFO - ページ 11 スクレイピング完了
2025-01-14 22:15:50,769 - INFO - ページ 12 スクレイピング完了
2025-01-14 22:15:52,678 - INFO - ページ 13 スクレイピング完了
2025-01-14 22:15:54,330 - INFO - ページ 14 スクレイピング完了
2025-01-14 22:15:55,891 - INFO - ページ 15 スクレイピング完了
2025-01-14 22:15:57,701 - INFO - ページ 16 スクレイピング完了
2025-01-14 22:15:59,321 - INFO - ページ 17 スクレイピング完了
2025-01-14 22:16:00,815 - INFO - ページ 18 スクレイピング完了
2025-01-14 22:16:02,298 - INFO - ページ 19 スクレイピング完了
2025-01-14 22:39:34,123 - INFO - ページ 1 スクレイピング完了
2025-01-14 23:12:29,086 - ERROR - スクレイピング中にエラー発生: insert_to_database() missing 1 required positional argument: 'counter'
2025-01-14 23:12:29,107 - INFO - データベース接続終了
2025-01-15 09:23:47,741 - INFO - ページ 1 スクレイピング完了 (建物数: 5, 物件数: 5)
2025-01-15 09:23:47,775 - INFO - データベース接続終了
2025-01-15 09:44:17,708 - INFO - ページ 1 スクレイピング完了
2025-01-15 09:44:19,455 - INFO - ページ 2 スクレイピング完了
2025-01-15 09:44:20,466 - INFO - ページ 3 スクレイピング完了
2025-01-15 09:44:21,375 - INFO - ページ 4 スクレイピング完了
2025-01-15 09:44:22,596 - INFO - ページ 5 スクレイピング完了
2025-01-15 09:44:23,443 - INFO - ページ 6 スクレイピング完了
2025-01-15 09:44:24,524 - INFO - ページ 7 スクレイピング完了
2025-01-15 09:44:25,524 - INFO - ページ 8 スクレイピング完了
2025-01-15 09:44:26,447 - INFO - ページ 9 スクレイピング完了
2025-01-15 09:45:18,352 - INFO - ページ 1 スクレイピング完了
2025-01-15 09:45:20,103 - INFO - ページ 2 スクレイピング完了
2025-01-15 09:45:21,133 - INFO - ページ 3 スクレイピング完了
2025-01-15 09:45:22,050 - INFO - ページ 4 スクレイピング完了
2025-01-15 09:45:23,063 - INFO - ページ 5 スクレイピング完了
2025-01-15 09:45:24,086 - INFO - ページ 6 スクレイピング完了
2025-01-15 09:45:25,085 - INFO - ページ 7 スクレイピング完了
2025-01-15 09:45:26,260 - INFO - ページ 8 スクレイピング完了
2025-01-15 09:45:26,978 - INFO - ページ 9 スクレイピング完了
2025-01-15 09:45:28,197 - INFO - ページ 10 スクレイピング完了
2025-01-15 09:45:29,202 - INFO - ページ 11 スクレイピング完了
2025-01-15 09:45:30,156 - INFO - ページ 12 スクレイピング完了
2025-01-15 09:47:08,157 - INFO - ページ 1 スクレイピング完了
2025-01-15 09:47:10,060 - INFO - ページ 2 スクレイピング完了
2025-01-15 09:47:10,820 - INFO - ページ 3 スクレイピング完了
2025-01-15 09:47:11,923 - INFO - ページ 4 スクレイピング完了
2025-01-15 09:47:12,956 - INFO - ページ 5 スクレイピング完了
2025-01-15 09:47:13,980 - INFO - ページ 6 スクレイピング完了
2025-01-15 09:47:14,900 - INFO - ページ 7 スクレイピング完了
2025-01-15 09:47:15,980 - INFO - ページ 8 スクレイピング完了
2025-01-15 09:47:17,060 - INFO - ページ 9 スクレイピング完了
2025-01-15 09:47:18,067 - INFO - ページ 10 スクレイピング完了
2025-01-15 09:47:18,974 - INFO - ページ 11 スクレイピング完了
2025-01-15 09:47:19,864 - INFO - ページ 12 スクレイピング完了
2025-01-15 09:47:20,928 - INFO - ページ 13 スクレイピング完了
2025-01-15 09:49:53,427 - INFO - ページ 1 スクレイピング完了 (建物数: 5, 物件数: 5)
2025-01-15 09:49:53,461 - INFO - データベース接続終了
2025-01-15 10:18:57,579 - INFO - ページ 1 スクレイピング完了 (建物数: 5, 物件数: 5)
2025-01-15 10:18:57,615 - INFO - データベース接続終了
2025-01-15 10:27:19,309 - INFO - ページ 1 スクレイピング完了 (建物数: 5, 物件数: 5)
2025-01-15 10:27:19,345 - INFO - データベース接続終了
2025-01-15 10:32:20,036 - INFO - ページ 1 スクレイピング完了 (建物数: 5, 物件数: 5)
2025-01-15 10:32:20,048 - INFO - データベース接続終了
2025-01-15 10:33:01,939 - INFO - ページ 1 スクレイピング完了 (建物数: 5, 物件数: 5)
2025-01-15 10:33:01,945 - INFO - データベース接続終了
2025-01-15 10:48:47,530 - INFO - ページ 1 スクレイピング完了 (建物数: 5, 物件数: 5)
2025-01-15 10:48:47,536 - INFO - データベース接続終了
2025-01-15 11:06:31,336 - INFO - ページ 1 スクレイピング完了 (建物数: 5, 物件数: 5)
2025-01-15 11:06:31,350 - INFO - データベース接続終了
2025-01-15 11:40:04,245 - INFO - ページ 1 スクレイピング完了 (建物数: 30, 物件数: 107)
2025-01-15 11:41:24,526 - INFO - ページ 2 スクレイピング完了 (建物数: 30, 物件数: 79)
2025-01-15 11:45:14,594 - INFO - ページ 1 スクレイピング完了 (建物数: 30, 物件数: 107)
2025-01-15 11:46:35,135 - INFO - ページ 2 スクレイピング完了 (建物数: 30, 物件数: 79)
2025-01-15 11:48:14,467 - INFO - ページ 3 スクレイピング完了 (建物数: 30, 物件数: 98)
2025-01-15 11:49:00,749 - INFO - ページ 4 スクレイピング完了 (建物数: 30, 物件数: 45)
2025-01-15 11:49:52,124 - INFO - ページ 5 スクレイピング完了 (建物数: 30, 物件数: 50)
2025-01-15 11:50:39,498 - INFO - ページ 6 スクレイピング完了 (建物数: 30, 物件数: 46)
2025-01-15 11:51:29,858 - INFO - ページ 7 スクレイピング完了 (建物数: 30, 物件数: 49)
2025-01-15 11:52:18,199 - INFO - ページ 8 スクレイピング完了 (建物数: 30, 物件数: 47)
2025-01-15 11:53:12,606 - INFO - ページ 9 スクレイピング完了 (建物数: 30, 物件数: 53)
2025-01-15 11:53:56,958 - INFO - ページ 10 スクレイピング完了 (建物数: 30, 物件数: 43)
2025-01-15 11:54:34,234 - INFO - ページ 11 スクレイピング完了 (建物数: 30, 物件数: 36)
2025-01-15 11:55:23,601 - INFO - ページ 12 スクレイピング完了 (建物数: 30, 物件数: 48)
2025-01-15 11:56:10,970 - INFO - ページ 13 スクレイピング完了 (建物数: 30, 物件数: 46)
2025-01-15 11:57:05,363 - INFO - ページ 14 スクレイピング完了 (建物数: 30, 物件数: 53)
2025-01-15 11:57:47,677 - INFO - ページ 15 スクレイピング完了 (建物数: 30, 物件数: 41)
2025-01-15 11:58:24,940 - INFO - ページ 16 スクレイピング完了 (建物数: 30, 物件数: 36)
2025-01-15 11:59:03,228 - INFO - ページ 17 スクレイピング完了 (建物数: 30, 物件数: 37)
2025-01-15 11:59:17,344 - INFO - ページ 18 スクレイピング完了 (建物数: 12, 物件数: 13)
2025-01-15 11:59:17,368 - INFO - データベース接続終了
2025-01-15 15:57:40,483 - INFO - 取得した総ページ数: 18
2025-01-15 15:57:44,074 - INFO - ページ 1 スクレイピング完了 (建物数: 30, 物件数: 107)
2025-01-15 15:57:47,848 - INFO - ページ 2 スクレイピング完了 (建物数: 30, 物件数: 77)
2025-01-15 15:57:48,405 - INFO - データベース接続終了
2025-01-15 16:07:46,105 - INFO - ページ 1 スクレイピング完了 (建物数: 30, 物件数: 112)
2025-01-15 16:08:59,365 - INFO - ページ 2 スクレイピング完了 (建物数: 30, 物件数: 72)
2025-01-15 16:09:57,588 - INFO - ページ 3 スクレイピング完了 (建物数: 30, 物件数: 57)
2025-01-15 16:11:25,874 - INFO - ページ 4 スクレイピング完了 (建物数: 30, 物件数: 87)
2025-01-15 16:12:15,061 - INFO - ページ 5 スクレイピング完了 (建物数: 30, 物件数: 48)
2025-01-15 16:13:12,282 - INFO - ページ 6 スクレイピング完了 (建物数: 30, 物件数: 56)
2025-01-15 16:13:59,420 - INFO - ページ 7 スクレイピング完了 (建物数: 30, 物件数: 46)
2025-01-15 16:14:46,592 - INFO - ページ 8 スクレイピング完了 (建物数: 30, 物件数: 46)
2025-01-15 16:15:40,802 - INFO - ページ 9 スクレイピング完了 (建物数: 30, 物件数: 53)
2025-01-18 20:00:45,839 - INFO - ページ 1 スクレイピング完了 (建物数: 30, 物件数: 166)
2025-01-18 20:01:58,311 - INFO - ページ 2 スクレイピング完了 (建物数: 30, 物件数: 71)
2025-01-18 20:02:48,235 - INFO - ページ 3 スクレイピング完了 (建物数: 30, 物件数: 46)
2025-01-18 20:03:37,390 - INFO - ページ 4 スクレイピング完了 (建物数: 30, 物件数: 48)
2025-01-18 20:04:25,597 - INFO - ページ 5 スクレイピング完了 (建物数: 30, 物件数: 47)
2025-01-18 20:05:21,963 - INFO - ページ 6 スクレイピング完了 (建物数: 30, 物件数: 55)
2025-01-18 20:06:23,350 - INFO - ページ 7 スクレイピング完了 (建物数: 30, 物件数: 60)
2025-01-18 20:07:13,697 - INFO - ページ 8 スクレイピング完了 (建物数: 30, 物件数: 49)
2025-01-18 20:07:58,981 - INFO - ページ 9 スクレイピング完了 (建物数: 30, 物件数: 44)
2025-01-18 20:08:38,244 - INFO - ページ 10 スクレイピング完了 (建物数: 30, 物件数: 38)
2025-01-18 20:09:16,507 - INFO - ページ 11 スクレイピング完了 (建物数: 30, 物件数: 37)
2025-01-18 20:10:04,702 - INFO - ページ 12 スクレイピング完了 (建物数: 30, 物件数: 47)
2025-01-18 20:10:45,836 - INFO - ページ 13 スクレイピング完了 (建物数: 30, 物件数: 40)
2025-01-18 20:11:39,029 - INFO - ページ 14 スクレイピング完了 (建物数: 30, 物件数: 52)
2025-01-18 20:12:21,186 - INFO - ページ 15 スクレイピング完了 (建物数: 30, 物件数: 41)
2025-01-18 20:13:00,320 - INFO - ページ 16 スクレイピング完了 (建物数: 30, 物件数: 38)
2025-01-18 20:13:38,467 - INFO - ページ 17 スクレイピング完了 (建物数: 30, 物件数: 37)
2025-01-18 20:13:50,511 - INFO - ページ 18 スクレイピング完了 (建物数: 10, 物件数: 11)
2025-01-18 20:13:50,550 - INFO - データベース接続終了
2025-01-18 20:36:11,799 - INFO - ページ 1 スクレイピング完了 (建物数: 30, 物件数: 44)
2025-01-18 20:37:13,035 - INFO - ページ 2 スクレイピング完了 (建物数: 30, 物件数: 60)
2025-01-18 20:38:02,224 - INFO - ページ 3 スクレイピング完了 (建物数: 30, 物件数: 48)
2025-01-18 20:38:55,424 - INFO - ページ 4 スクレイピング完了 (建物数: 30, 物件数: 52)
2025-01-18 20:39:46,665 - INFO - ページ 5 スクレイピング完了 (建物数: 30, 物件数: 50)
2025-01-18 20:40:41,843 - INFO - ページ 6 スクレイピング完了 (建物数: 30, 物件数: 54)
2025-01-18 20:41:34,036 - INFO - ページ 7 スクレイピング完了 (建物数: 30, 物件数: 51)
2025-01-18 20:42:26,238 - INFO - ページ 8 スクレイピング完了 (建物数: 30, 物件数: 51)
2025-01-18 20:43:14,236 - INFO - ページ 9 スクレイピング完了 (建物数: 30, 物件数: 46)
2025-01-18 20:44:11,449 - INFO - ページ 10 スクレイピング完了 (建物数: 30, 物件数: 56)
2025-01-18 20:47:23,641 - INFO - ページ 1 スクレイピング完了 (建物数: 30, 物件数: 44)
2025-01-18 20:48:24,881 - INFO - ページ 2 スクレイピング完了 (建物数: 30, 物件数: 60)
2025-01-18 20:49:14,066 - INFO - ページ 3 スクレイピング完了 (建物数: 30, 物件数: 48)
2025-01-18 20:50:07,279 - INFO - ページ 4 スクレイピング完了 (建物数: 30, 物件数: 52)
2025-01-18 20:50:58,469 - INFO - ページ 5 スクレイピング完了 (建物数: 30, 物件数: 50)
2025-01-18 20:51:53,647 - INFO - ページ 6 スクレイピング完了 (建物数: 30, 物件数: 54)
2025-01-18 20:52:46,431 - INFO - ページ 7 スクレイピング完了 (建物数: 30, 物件数: 51)
2025-01-18 20:53:38,785 - INFO - ページ 8 スクレイピング完了 (建物数: 30, 物件数: 51)
2025-01-18 20:54:26,111 - INFO - ページ 9 スクレイピング完了 (建物数: 30, 物件数: 46)
2025-01-18 20:55:23,515 - INFO - ページ 10 スクレイピング完了 (建物数: 30, 物件数: 56)
2025-01-18 20:56:11,851 - INFO - ページ 11 スクレイピング完了 (建物数: 30, 物件数: 47)
2025-01-18 20:56:57,173 - INFO - ページ 12 スクレイピング完了 (建物数: 30, 物件数: 44)
2025-01-18 20:57:36,462 - INFO - ページ 13 スクレイピング完了 (建物数: 30, 物件数: 38)
2025-01-18 20:58:29,800 - INFO - ページ 14 スクレイピング完了 (建物数: 30, 物件数: 52)
2025-01-18 20:59:20,129 - INFO - ページ 15 スクレイピング完了 (建物数: 30, 物件数: 49)
2025-01-18 21:00:05,441 - INFO - ページ 16 スクレイピング完了 (建物数: 30, 物件数: 44)
2025-01-18 21:00:56,772 - INFO - ページ 17 スクレイピング完了 (建物数: 30, 物件数: 50)
2025-01-18 21:01:35,992 - INFO - ページ 18 スクレイピング完了 (建物数: 30, 物件数: 38)
2025-01-18 21:02:13,242 - INFO - ページ 19 スクレイピング完了 (建物数: 30, 物件数: 36)
2025-01-18 21:02:54,531 - INFO - ページ 20 スクレイピング完了 (建物数: 30, 物件数: 40)
2025-01-18 21:03:22,744 - INFO - ページ 21 スクレイピング完了 (建物数: 12, 物件数: 27)
2025-01-18 21:03:22,770 - INFO - CSVファイル honjo_properties_20250118_210322.csv を出力しました
2025-01-18 21:03:22,775 - INFO - データベース接続終了
2025-01-18 23:58:06,242 - INFO - データベース接続を終了しました
2025-01-19 00:03:34,688 - INFO - データベース接続を終了しました
2025-01-19 00:06:12,888 - INFO - データベース接続を終了しました
2025-01-19 00:07:40,997 - INFO - データベース接続を終了しました
2025-01-19 00:07:45,864 - INFO - データベース接続を終了しました
